[main 355969d] Atualizado
 Date: Mon Jun 24 06:17:03 2024 -0300
 2 files changed, 116936 insertions(+), 111574 deletions(-)
 create mode 100644 epg.log
[main bd9264f] Atualizado
 Date: Tue Jun 25 05:00:03 2024 -0300
 2 files changed, 114209 insertions(+), 99208 deletions(-)
[main 45edea8] Atualizado
 Date: Wed Jun 26 05:00:02 2024 -0300
 2 files changed, 98533 insertions(+), 104031 deletions(-)
[main 146a000] Atualizado
 Date: Thu Jun 27 05:00:04 2024 -0300
 2 files changed, 109998 insertions(+), 115297 deletions(-)
[main c31b57e] Atualizado
 Date: Fri Jun 28 05:00:03 2024 -0300
 2 files changed, 101166 insertions(+), 113184 deletions(-)
[main c6933e1] Atualizado
 Date: Sat Jun 29 05:00:02 2024 -0300
 2 files changed, 113304 insertions(+), 116176 deletions(-)
[main 67389f4] Atualizado
 Date: Sun Jun 30 05:04:36 2024 -0300
 1 file changed, 3 insertions(+)
[main bcb8c8d] Atualizado
 Date: Mon Jul 1 05:00:02 2024 -0300
 2 files changed, 190050 insertions(+), 180818 deletions(-)
[main 5e6be19] Atualizado
 Date: Tue Jul 2 05:00:02 2024 -0300
 2 files changed, 148584 insertions(+), 134973 deletions(-)
